c:\users\cesarito\desktop\spring 2018\mec 572\hw\bspline curve skeleton program\debug\v2.bsc
c:\users\cesarito\desktop\spring 2018\mec 572\hw\bspline curve skeleton program\debug\vc120.pdb
c:\users\cesarito\desktop\spring 2018\mec 572\hw\bspline curve skeleton program\debug\vc120.idb
c:\users\cesarito\desktop\spring 2018\mec 572\hw\bspline curve skeleton program\debug\utility.sbr
c:\users\cesarito\desktop\spring 2018\mec 572\hw\bspline curve skeleton program\debug\main.sbr
c:\users\cesarito\desktop\spring 2018\mec 572\hw\bspline curve skeleton program\debug\interaction.sbr
c:\users\cesarito\desktop\spring 2018\mec 572\hw\bspline curve skeleton program\debug\interaction.obj
c:\users\cesarito\desktop\spring 2018\mec 572\hw\bspline curve skeleton program\debug\main.obj
c:\users\cesarito\desktop\spring 2018\mec 572\hw\bspline curve skeleton program\debug\utility.obj
c:\users\cesarito\desktop\spring 2018\mec 572\hw\bspline curve skeleton program\debug\v2.pdb
c:\users\cesarito\desktop\spring 2018\mec 572\hw\bspline curve skeleton program\debug\v2.tlog\bscmake.command.1.tlog
c:\users\cesarito\desktop\spring 2018\mec 572\hw\bspline curve skeleton program\debug\v2.tlog\bscmake.read.1.tlog
c:\users\cesarito\desktop\spring 2018\mec 572\hw\bspline curve skeleton program\debug\v2.tlog\bscmake.write.1.tlog
c:\users\cesarito\desktop\spring 2018\mec 572\hw\bspline curve skeleton program\debug\v2.tlog\cl.command.1.tlog
c:\users\cesarito\desktop\spring 2018\mec 572\hw\bspline curve skeleton program\debug\v2.tlog\cl.read.1.tlog
c:\users\cesarito\desktop\spring 2018\mec 572\hw\bspline curve skeleton program\debug\v2.tlog\cl.write.1.tlog
c:\users\cesarito\desktop\spring 2018\mec 572\hw\bspline curve skeleton program\debug\v2.tlog\link.5996.read.1.tlog
c:\users\cesarito\desktop\spring 2018\mec 572\hw\bspline curve skeleton program\debug\v2.tlog\link.5996.write.1.tlog
c:\users\cesarito\desktop\spring 2018\mec 572\hw\bspline curve skeleton program\debug\v2.tlog\link.command.1.tlog
c:\users\cesarito\desktop\spring 2018\mec 572\hw\bspline curve skeleton program\debug\v2.tlog\link.read.1.tlog
c:\users\cesarito\desktop\spring 2018\mec 572\hw\bspline curve skeleton program\debug\v2.tlog\link.write.1.tlog
