Build started 8/20/2018 8:59:56 PM.
     1>Project "C:\Users\cesar\Desktop\Files\Classes\Spring 2018\MEC 572\hw\Johnny_Mieses_HW3\Johnny_Mieses_HW3\V2.vcxproj" on node 2 (Build target(s)).
     1>ClCompile:
         C:\Program Files (x86)\Microsoft Visual Studio 12.0\VC\bin\CL.exe /c /I".\Glew and Glut\glui\include" /I".\Glew and Glut\freeglut\include" /ZI /nologo /W3 /WX- /Od /Oy- /D WIN32 /D _DEBUG /D _CONSOLE /D _VC80_UPGRADE=0x0600 /D _MBCS /Gm /EHsc /RTC1 /MTd /GS /Gy- /fp:precise /Zc:wchar_t /Zc:forScope /Fo".\Debug\\" /Fd".\Debug\vc120.pdb" /FR".\Debug\\" /Gd /TP /analyze- /errorReport:prompt interaction.cpp main.cpp utility.cpp
         utility.cpp
     1>c:\users\cesar\desktop\files\classes\spring 2018\mec 572\hw\johnny_mieses_hw3\johnny_mieses_hw3\utility.cpp(25): warning C4244: '=' : conversion from 'GLdouble' to 'int', possible loss of data
     1>c:\users\cesar\desktop\files\classes\spring 2018\mec 572\hw\johnny_mieses_hw3\johnny_mieses_hw3\utility.cpp(26): warning C4244: '=' : conversion from 'double' to 'int', possible loss of data
         main.cpp
     1>c:\users\cesar\desktop\files\classes\spring 2018\mec 572\hw\johnny_mieses_hw3\johnny_mieses_hw3\glui.h(206): warning C4996: 'strcpy': This function or variable may be unsafe. Consider using strcpy_s instead. To disable deprecation, use _CRT_SECURE_NO_WARNINGS. See online help for details.
                 c:\program files (x86)\microsoft visual studio 12.0\vc\include\string.h(112) : see declaration of 'strcpy'
     1>c:\users\cesar\desktop\files\classes\spring 2018\mec 572\hw\johnny_mieses_hw3\johnny_mieses_hw3\glui.h(758): warning C4244: 'argument' : conversion from 'double' to 'GLfloat', possible loss of data
     1>c:\users\cesar\desktop\files\classes\spring 2018\mec 572\hw\johnny_mieses_hw3\johnny_mieses_hw3\glui.h(802): warning C4996: 'sprintf': This function or variable may be unsafe. Consider using sprintf_s instead. To disable deprecation, use _CRT_SECURE_NO_WARNINGS. See online help for details.
                 c:\program files (x86)\microsoft visual studio 12.0\vc\include\stdio.h(356) : see declaration of 'sprintf'
     1>c:\users\cesar\desktop\files\classes\spring 2018\mec 572\hw\johnny_mieses_hw3\johnny_mieses_hw3\glui.h(816): warning C4996: 'strcpy': This function or variable may be unsafe. Consider using strcpy_s instead. To disable deprecation, use _CRT_SECURE_NO_WARNINGS. See online help for details.
                 c:\program files (x86)\microsoft visual studio 12.0\vc\include\string.h(112) : see declaration of 'strcpy'
     1>c:\users\cesar\desktop\files\classes\spring 2018\mec 572\hw\johnny_mieses_hw3\johnny_mieses_hw3\glui.h(817): warning C4996: 'strcpy': This function or variable may be unsafe. Consider using strcpy_s instead. To disable deprecation, use _CRT_SECURE_NO_WARNINGS. See online help for details.
                 c:\program files (x86)\microsoft visual studio 12.0\vc\include\string.h(112) : see declaration of 'strcpy'
     1>c:\users\cesar\desktop\files\classes\spring 2018\mec 572\hw\johnny_mieses_hw3\johnny_mieses_hw3\glui.h(858): warning C4996: 'sprintf': This function or variable may be unsafe. Consider using sprintf_s instead. To disable deprecation, use _CRT_SECURE_NO_WARNINGS. See online help for details.
                 c:\program files (x86)\microsoft visual studio 12.0\vc\include\stdio.h(356) : see declaration of 'sprintf'
     1>c:\users\cesar\desktop\files\classes\spring 2018\mec 572\hw\johnny_mieses_hw3\johnny_mieses_hw3\glui.h(898): warning C4996: 'sprintf': This function or variable may be unsafe. Consider using sprintf_s instead. To disable deprecation, use _CRT_SECURE_NO_WARNINGS. See online help for details.
                 c:\program files (x86)\microsoft visual studio 12.0\vc\include\stdio.h(356) : see declaration of 'sprintf'
     1>c:\users\cesar\desktop\files\classes\spring 2018\mec 572\hw\johnny_mieses_hw3\johnny_mieses_hw3\glui.h(955): warning C4996: 'strcpy': This function or variable may be unsafe. Consider using strcpy_s instead. To disable deprecation, use _CRT_SECURE_NO_WARNINGS. See online help for details.
                 c:\program files (x86)\microsoft visual studio 12.0\vc\include\string.h(112) : see declaration of 'strcpy'
     1>c:\users\cesar\desktop\files\classes\spring 2018\mec 572\hw\johnny_mieses_hw3\johnny_mieses_hw3\glui.h(997): warning C4996: 'strcpy': This function or variable may be unsafe. Consider using strcpy_s instead. To disable deprecation, use _CRT_SECURE_NO_WARNINGS. See online help for details.
                 c:\program files (x86)\microsoft visual studio 12.0\vc\include\string.h(112) : see declaration of 'strcpy'
     1>c:\users\cesar\desktop\files\classes\spring 2018\mec 572\hw\johnny_mieses_hw3\johnny_mieses_hw3\glui.h(1293): warning C4996: 'sprintf': This function or variable may be unsafe. Consider using sprintf_s instead. To disable deprecation, use _CRT_SECURE_NO_WARNINGS. See online help for details.
                 c:\program files (x86)\microsoft visual studio 12.0\vc\include\stdio.h(356) : see declaration of 'sprintf'
     1>c:\users\cesar\desktop\files\classes\spring 2018\mec 572\hw\johnny_mieses_hw3\johnny_mieses_hw3\glui.h(1393): warning C4996: 'sprintf': This function or variable may be unsafe. Consider using sprintf_s instead. To disable deprecation, use _CRT_SECURE_NO_WARNINGS. See online help for details.
                 c:\program files (x86)\microsoft visual studio 12.0\vc\include\stdio.h(356) : see declaration of 'sprintf'
     1>c:\users\cesar\desktop\files\classes\spring 2018\mec 572\hw\johnny_mieses_hw3\johnny_mieses_hw3\glui.h(1489): warning C4996: 'sprintf': This function or variable may be unsafe. Consider using sprintf_s instead. To disable deprecation, use _CRT_SECURE_NO_WARNINGS. See online help for details.
                 c:\program files (x86)\microsoft visual studio 12.0\vc\include\stdio.h(356) : see declaration of 'sprintf'
     1>c:\users\cesar\desktop\files\classes\spring 2018\mec 572\hw\johnny_mieses_hw3\johnny_mieses_hw3\glui.h(1592): warning C4996: 'sprintf': This function or variable may be unsafe. Consider using sprintf_s instead. To disable deprecation, use _CRT_SECURE_NO_WARNINGS. See online help for details.
                 c:\program files (x86)\microsoft visual studio 12.0\vc\include\stdio.h(356) : see declaration of 'sprintf'
     1>c:\users\cesar\desktop\files\classes\spring 2018\mec 572\hw\johnny_mieses_hw3\johnny_mieses_hw3\glui.h(1642): warning C4996: 'sprintf': This function or variable may be unsafe. Consider using sprintf_s instead. To disable deprecation, use _CRT_SECURE_NO_WARNINGS. See online help for details.
                 c:\program files (x86)\microsoft visual studio 12.0\vc\include\stdio.h(356) : see declaration of 'sprintf'
     1>c:\users\cesar\desktop\files\classes\spring 2018\mec 572\hw\johnny_mieses_hw3\johnny_mieses_hw3\glui.h(1757): warning C4996: 'sprintf': This function or variable may be unsafe. Consider using sprintf_s instead. To disable deprecation, use _CRT_SECURE_NO_WARNINGS. See online help for details.
                 c:\program files (x86)\microsoft visual studio 12.0\vc\include\stdio.h(356) : see declaration of 'sprintf'
     1>c:\users\cesar\desktop\files\classes\spring 2018\mec 572\hw\johnny_mieses_hw3\johnny_mieses_hw3\main.cpp(22): warning C4244: 'initializing' : conversion from 'double' to 'int', possible loss of data
     1>c:\users\cesar\desktop\files\classes\spring 2018\mec 572\hw\johnny_mieses_hw3\johnny_mieses_hw3\main.cpp(96): warning C4018: '<' : signed/unsigned mismatch
     1>c:\users\cesar\desktop\files\classes\spring 2018\mec 572\hw\johnny_mieses_hw3\johnny_mieses_hw3\main.cpp(140): warning C4101: 'old_tmp' : unreferenced local variable
     1>c:\users\cesar\desktop\files\classes\spring 2018\mec 572\hw\johnny_mieses_hw3\johnny_mieses_hw3\main.cpp(205): warning C4018: '>=' : signed/unsigned mismatch
     1>c:\users\cesar\desktop\files\classes\spring 2018\mec 572\hw\johnny_mieses_hw3\johnny_mieses_hw3\main.cpp(268): warning C4018: '<' : signed/unsigned mismatch
     1>c:\users\cesar\desktop\files\classes\spring 2018\mec 572\hw\johnny_mieses_hw3\johnny_mieses_hw3\main.cpp(269): warning C4244: 'argument' : conversion from 'double' to 'GLfloat', possible loss of data
     1>c:\users\cesar\desktop\files\classes\spring 2018\mec 572\hw\johnny_mieses_hw3\johnny_mieses_hw3\main.cpp(280): warning C4018: '<' : signed/unsigned mismatch
     1>c:\users\cesar\desktop\files\classes\spring 2018\mec 572\hw\johnny_mieses_hw3\johnny_mieses_hw3\main.cpp(281): warning C4244: 'argument' : conversion from 'double' to 'GLfloat', possible loss of data
     1>c:\users\cesar\desktop\files\classes\spring 2018\mec 572\hw\johnny_mieses_hw3\johnny_mieses_hw3\main.cpp(293): warning C4244: '+=' : conversion from 'double' to 'float', possible loss of data
     1>c:\users\cesar\desktop\files\classes\spring 2018\mec 572\hw\johnny_mieses_hw3\johnny_mieses_hw3\main.cpp(296): warning C4244: 'argument' : conversion from 'double' to 'GLfloat', possible loss of data
     1>c:\users\cesar\desktop\files\classes\spring 2018\mec 572\hw\johnny_mieses_hw3\johnny_mieses_hw3\main.cpp(298): warning C4244: 'argument' : conversion from 'double' to 'GLfloat', possible loss of data
     1>c:\users\cesar\desktop\files\classes\spring 2018\mec 572\hw\johnny_mieses_hw3\johnny_mieses_hw3\main.cpp(303): warning C4305: 'argument' : truncation from 'double' to 'GLfloat'
     1>c:\users\cesar\desktop\files\classes\spring 2018\mec 572\hw\johnny_mieses_hw3\johnny_mieses_hw3\main.cpp(305): warning C4244: '+=' : conversion from 'double' to 'float', possible loss of data
     1>c:\users\cesar\desktop\files\classes\spring 2018\mec 572\hw\johnny_mieses_hw3\johnny_mieses_hw3\main.cpp(308): warning C4244: 'argument' : conversion from 'double' to 'GLfloat', possible loss of data
     1>c:\users\cesar\desktop\files\classes\spring 2018\mec 572\hw\johnny_mieses_hw3\johnny_mieses_hw3\main.cpp(323): warning C4244: 'argument' : conversion from 'double' to 'GLfloat', possible loss of data
         interaction.cpp
     1>c:\users\cesar\desktop\files\classes\spring 2018\mec 572\hw\johnny_mieses_hw3\johnny_mieses_hw3\glew and glut\freeglut\include\gl\glui.h(206): warning C4996: 'strcpy': This function or variable may be unsafe. Consider using strcpy_s instead. To disable deprecation, use _CRT_SECURE_NO_WARNINGS. See online help for details.
                 c:\program files (x86)\microsoft visual studio 12.0\vc\include\string.h(112) : see declaration of 'strcpy'
     1>c:\users\cesar\desktop\files\classes\spring 2018\mec 572\hw\johnny_mieses_hw3\johnny_mieses_hw3\glew and glut\freeglut\include\gl\glui.h(758): warning C4244: 'argument' : conversion from 'double' to 'GLfloat', possible loss of data
     1>c:\users\cesar\desktop\files\classes\spring 2018\mec 572\hw\johnny_mieses_hw3\johnny_mieses_hw3\glew and glut\freeglut\include\gl\glui.h(802): warning C4996: 'sprintf': This function or variable may be unsafe. Consider using sprintf_s instead. To disable deprecation, use _CRT_SECURE_NO_WARNINGS. See online help for details.
                 c:\program files (x86)\microsoft visual studio 12.0\vc\include\stdio.h(356) : see declaration of 'sprintf'
     1>c:\users\cesar\desktop\files\classes\spring 2018\mec 572\hw\johnny_mieses_hw3\johnny_mieses_hw3\glew and glut\freeglut\include\gl\glui.h(816): warning C4996: 'strcpy': This function or variable may be unsafe. Consider using strcpy_s instead. To disable deprecation, use _CRT_SECURE_NO_WARNINGS. See online help for details.
                 c:\program files (x86)\microsoft visual studio 12.0\vc\include\string.h(112) : see declaration of 'strcpy'
     1>c:\users\cesar\desktop\files\classes\spring 2018\mec 572\hw\johnny_mieses_hw3\johnny_mieses_hw3\glew and glut\freeglut\include\gl\glui.h(817): warning C4996: 'strcpy': This function or variable may be unsafe. Consider using strcpy_s instead. To disable deprecation, use _CRT_SECURE_NO_WARNINGS. See online help for details.
                 c:\program files (x86)\microsoft visual studio 12.0\vc\include\string.h(112) : see declaration of 'strcpy'
     1>c:\users\cesar\desktop\files\classes\spring 2018\mec 572\hw\johnny_mieses_hw3\johnny_mieses_hw3\glew and glut\freeglut\include\gl\glui.h(858): warning C4996: 'sprintf': This function or variable may be unsafe. Consider using sprintf_s instead. To disable deprecation, use _CRT_SECURE_NO_WARNINGS. See online help for details.
                 c:\program files (x86)\microsoft visual studio 12.0\vc\include\stdio.h(356) : see declaration of 'sprintf'
     1>c:\users\cesar\desktop\files\classes\spring 2018\mec 572\hw\johnny_mieses_hw3\johnny_mieses_hw3\glew and glut\freeglut\include\gl\glui.h(898): warning C4996: 'sprintf': This function or variable may be unsafe. Consider using sprintf_s instead. To disable deprecation, use _CRT_SECURE_NO_WARNINGS. See online help for details.
                 c:\program files (x86)\microsoft visual studio 12.0\vc\include\stdio.h(356) : see declaration of 'sprintf'
     1>c:\users\cesar\desktop\files\classes\spring 2018\mec 572\hw\johnny_mieses_hw3\johnny_mieses_hw3\glew and glut\freeglut\include\gl\glui.h(955): warning C4996: 'strcpy': This function or variable may be unsafe. Consider using strcpy_s instead. To disable deprecation, use _CRT_SECURE_NO_WARNINGS. See online help for details.
                 c:\program files (x86)\microsoft visual studio 12.0\vc\include\string.h(112) : see declaration of 'strcpy'
     1>c:\users\cesar\desktop\files\classes\spring 2018\mec 572\hw\johnny_mieses_hw3\johnny_mieses_hw3\glew and glut\freeglut\include\gl\glui.h(997): warning C4996: 'strcpy': This function or variable may be unsafe. Consider using strcpy_s instead. To disable deprecation, use _CRT_SECURE_NO_WARNINGS. See online help for details.
                 c:\program files (x86)\microsoft visual studio 12.0\vc\include\string.h(112) : see declaration of 'strcpy'
     1>c:\users\cesar\desktop\files\classes\spring 2018\mec 572\hw\johnny_mieses_hw3\johnny_mieses_hw3\glew and glut\freeglut\include\gl\glui.h(1293): warning C4996: 'sprintf': This function or variable may be unsafe. Consider using sprintf_s instead. To disable deprecation, use _CRT_SECURE_NO_WARNINGS. See online help for details.
                 c:\program files (x86)\microsoft visual studio 12.0\vc\include\stdio.h(356) : see declaration of 'sprintf'
     1>c:\users\cesar\desktop\files\classes\spring 2018\mec 572\hw\johnny_mieses_hw3\johnny_mieses_hw3\glew and glut\freeglut\include\gl\glui.h(1393): warning C4996: 'sprintf': This function or variable may be unsafe. Consider using sprintf_s instead. To disable deprecation, use _CRT_SECURE_NO_WARNINGS. See online help for details.
                 c:\program files (x86)\microsoft visual studio 12.0\vc\include\stdio.h(356) : see declaration of 'sprintf'
     1>c:\users\cesar\desktop\files\classes\spring 2018\mec 572\hw\johnny_mieses_hw3\johnny_mieses_hw3\glew and glut\freeglut\include\gl\glui.h(1489): warning C4996: 'sprintf': This function or variable may be unsafe. Consider using sprintf_s instead. To disable deprecation, use _CRT_SECURE_NO_WARNINGS. See online help for details.
                 c:\program files (x86)\microsoft visual studio 12.0\vc\include\stdio.h(356) : see declaration of 'sprintf'
     1>c:\users\cesar\desktop\files\classes\spring 2018\mec 572\hw\johnny_mieses_hw3\johnny_mieses_hw3\glew and glut\freeglut\include\gl\glui.h(1592): warning C4996: 'sprintf': This function or variable may be unsafe. Consider using sprintf_s instead. To disable deprecation, use _CRT_SECURE_NO_WARNINGS. See online help for details.
                 c:\program files (x86)\microsoft visual studio 12.0\vc\include\stdio.h(356) : see declaration of 'sprintf'
     1>c:\users\cesar\desktop\files\classes\spring 2018\mec 572\hw\johnny_mieses_hw3\johnny_mieses_hw3\glew and glut\freeglut\include\gl\glui.h(1642): warning C4996: 'sprintf': This function or variable may be unsafe. Consider using sprintf_s instead. To disable deprecation, use _CRT_SECURE_NO_WARNINGS. See online help for details.
                 c:\program files (x86)\microsoft visual studio 12.0\vc\include\stdio.h(356) : see declaration of 'sprintf'
     1>c:\users\cesar\desktop\files\classes\spring 2018\mec 572\hw\johnny_mieses_hw3\johnny_mieses_hw3\glew and glut\freeglut\include\gl\glui.h(1757): warning C4996: 'sprintf': This function or variable may be unsafe. Consider using sprintf_s instead. To disable deprecation, use _CRT_SECURE_NO_WARNINGS. See online help for details.
                 c:\program files (x86)\microsoft visual studio 12.0\vc\include\stdio.h(356) : see declaration of 'sprintf'
     1>c:\users\cesar\desktop\files\classes\spring 2018\mec 572\hw\johnny_mieses_hw3\johnny_mieses_hw3\interaction.cpp(46): warning C4018: '<' : signed/unsigned mismatch
     1>c:\users\cesar\desktop\files\classes\spring 2018\mec 572\hw\johnny_mieses_hw3\johnny_mieses_hw3\interaction.cpp(90): warning C4018: '<' : signed/unsigned mismatch
     1>c:\users\cesar\desktop\files\classes\spring 2018\mec 572\hw\johnny_mieses_hw3\johnny_mieses_hw3\interaction.cpp(142): warning C4996: 'sprintf': This function or variable may be unsafe. Consider using sprintf_s instead. To disable deprecation, use _CRT_SECURE_NO_WARNINGS. See online help for details.
                 c:\program files (x86)\microsoft visual studio 12.0\vc\include\stdio.h(356) : see declaration of 'sprintf'
         Generating Code...
       Link:
         C:\Program Files (x86)\Microsoft Visual Studio 12.0\VC\bin\link.exe /ERRORREPORT:PROMPT /OUT:".\Debug\V2.exe" /INCREMENTAL /NOLOGO odbc32.lib odbccp32.lib opengl32.lib glu32.lib freeglut.lib glui32.lib glut32.lib kernel32.lib user32.lib gdi32.lib winspool.lib comdlg32.lib advapi32.lib shell32.lib ole32.lib oleaut32.lib uuid.lib odbc32.lib odbccp32.lib /MANIFEST /MANIFESTUAC:"level='asInvoker' uiAccess='false'" /manifest:embed /DEBUG /PDB:".\Debug\V2.pdb" /SUBSYSTEM:CONSOLE /TLBID:1 /DYNAMICBASE /NXCOMPAT /IMPLIB:".\Debug\V2.lib" /MACHINE:X86 /SAFESEH .\Debug\interaction.obj
         .\Debug\main.obj
         .\Debug\utility.obj
         LINK : .\Debug\V2.exe not found or not built by the last incremental link; performing full link
     1>interaction.obj : warning LNK4075: ignoring '/EDITANDCONTINUE' due to '/SAFESEH' specification
         V2.vcxproj -> C:\Users\cesar\Desktop\Files\Classes\Spring 2018\MEC 572\hw\Johnny_Mieses_HW3\Johnny_Mieses_HW3\.\Debug\V2.exe
       BscMake:
         C:\Program Files (x86)\Microsoft Visual Studio 12.0\VC\bin\bscmake.exe /nologo /o".\Debug\V2.bsc" .\Debug\interaction.sbr .\Debug\main.sbr .\Debug\utility.sbr
     1>Done Building Project "C:\Users\cesar\Desktop\Files\Classes\Spring 2018\MEC 572\hw\Johnny_Mieses_HW3\Johnny_Mieses_HW3\V2.vcxproj" (Build target(s)).

Build succeeded.

Time Elapsed 00:00:07.48
